<?xml version="1.0" encoding="UTF-8"?>
<testng-results ignored="0" total="4" passed="3" failed="1" skipped="0">
  <reporter-output>
  </reporter-output>
  <suite started-at="2023-09-24T12:23:58 IST" name="Default suite" finished-at="2023-09-24T12:24:18 IST" duration-ms="20210">
    <groups>
    </groups>
    <test started-at="2023-09-24T12:23:58 IST" name="Default test" finished-at="2023-09-24T12:24:18 IST" duration-ms="20210">
      <class name="Module1_Test.Adactin_Test_Class">
        <test-method is-config="true" signature="openBROWSER()[pri:0, instance:Module1_Test.Adactin_Test_Class@58cbafc2]" started-at="2023-09-24T12:23:58 IST" name="openBROWSER" finished-at="2023-09-24T12:24:03 IST" duration-ms="4989" status="PASS">
          <reporter-output>
          </reporter-output>
        </test-method> <!-- openBROWSER -->
        <test-method is-config="true" signature="logintoAPP()[pri:0, instance:Module1_Test.Adactin_Test_Class@58cbafc2]" started-at="2023-09-24T12:24:03 IST" name="logintoAPP" finished-at="2023-09-24T12:24:05 IST" duration-ms="1234" status="PASS">
          <reporter-output>
          </reporter-output>
        </test-method> <!-- logintoAPP -->
        <test-method signature="verifyUSERNAME()[pri:1, instance:Module1_Test.Adactin_Test_Class@58cbafc2]" started-at="2023-09-24T12:24:05 IST" name="verifyUSERNAME" finished-at="2023-09-24T12:24:05 IST" duration-ms="608" status="PASS">
          <reporter-output>
          </reporter-output>
        </test-method> <!-- verifyUSERNAME -->
        <test-method is-config="true" signature="logoutAPP(org.testng.ITestResult)[pri:0, instance:Module1_Test.Adactin_Test_Class@58cbafc2]" started-at="2023-09-24T12:24:05 IST" name="logoutAPP" finished-at="2023-09-24T12:24:06 IST" duration-ms="925" status="PASS">
          <params>
            <param index="0">
              <value>
                <![CDATA[[TestResult name=verifyUSERNAME status=SUCCESS method=Adactin_Test_Class.verifyUSERNAME()[pri:1, instance:Module1_Test.Adactin_Test_Class@58cbafc2] output={null}]]]>
              </value>
            </param>
          </params>
          <reporter-output>
          </reporter-output>
        </test-method> <!-- logoutAPP -->
        <test-method is-config="true" signature="logintoAPP()[pri:0, instance:Module1_Test.Adactin_Test_Class@58cbafc2]" started-at="2023-09-24T12:24:06 IST" name="logintoAPP" finished-at="2023-09-24T12:24:07 IST" duration-ms="982" status="PASS">
          <reporter-output>
          </reporter-output>
        </test-method> <!-- logintoAPP -->
        <test-method signature="bookHOTEL()[pri:2, instance:Module1_Test.Adactin_Test_Class@58cbafc2]" started-at="2023-09-24T12:24:07 IST" name="bookHOTEL" finished-at="2023-09-24T12:24:12 IST" duration-ms="5004" status="PASS">
          <reporter-output>
          </reporter-output>
        </test-method> <!-- bookHOTEL -->
        <test-method is-config="true" signature="logoutAPP(org.testng.ITestResult)[pri:0, instance:Module1_Test.Adactin_Test_Class@58cbafc2]" started-at="2023-09-24T12:24:12 IST" name="logoutAPP" finished-at="2023-09-24T12:24:13 IST" duration-ms="966" status="PASS">
          <params>
            <param index="0">
              <value>
                <![CDATA[[TestResult name=bookHOTEL status=SUCCESS method=Adactin_Test_Class.bookHOTEL()[pri:2, instance:Module1_Test.Adactin_Test_Class@58cbafc2] output={null}]]]>
              </value>
            </param>
          </params>
          <reporter-output>
          </reporter-output>
        </test-method> <!-- logoutAPP -->
        <test-method is-config="true" signature="logintoAPP()[pri:0, instance:Module1_Test.Adactin_Test_Class@58cbafc2]" started-at="2023-09-24T12:24:13 IST" name="logintoAPP" finished-at="2023-09-24T12:24:14 IST" duration-ms="980" status="PASS">
          <reporter-output>
          </reporter-output>
        </test-method> <!-- logintoAPP -->
        <test-method signature="checkorderID()[pri:3, instance:Module1_Test.Adactin_Test_Class@58cbafc2]" started-at="2023-09-24T12:24:14 IST" name="checkorderID" finished-at="2023-09-24T12:24:15 IST" duration-ms="1014" status="FAIL">
          <exception class="java.lang.AssertionError">
            <message>
              <![CDATA[expected [O95B55H52W] but found []]]>
            </message>
            <full-stacktrace>
              <![CDATA[java.lang.AssertionError: expected [O95B55H52W] but found []
at org.testng.Assert.fail(Assert.java:111)
at org.testng.Assert.failNotEquals(Assert.java:1578)
at org.testng.Assert.assertEqualsImpl(Assert.java:150)
at org.testng.Assert.assertEquals(Assert.java:132)
at org.testng.Assert.assertEquals(Assert.java:656)
at org.testng.Assert.assertEquals(Assert.java:666)
at Module1_Test.Adactin_Test_Class.checkorderID(Adactin_Test_Class.java:95)
at java.base/jdk.internal.reflect.NativeMethodAccessorImpl.invoke0(Native Method)
at java.base/jdk.internal.reflect.NativeMethodAccessorImpl.invoke(NativeMethodAccessorImpl.java:77)
at java.base/jdk.internal.reflect.DelegatingMethodAccessorImpl.invoke(DelegatingMethodAccessorImpl.java:43)
at java.base/java.lang.reflect.Method.invoke(Method.java:568)
at org.testng.internal.invokers.MethodInvocationHelper.invokeMethod(MethodInvocationHelper.java:139)
at org.testng.internal.invokers.TestInvoker.invokeMethod(TestInvoker.java:664)
at org.testng.internal.invokers.TestInvoker.invokeTestMethod(TestInvoker.java:227)
at org.testng.internal.invokers.MethodRunner.runInSequence(MethodRunner.java:50)
at org.testng.internal.invokers.TestInvoker$MethodInvocationAgent.invoke(TestInvoker.java:957)
at org.testng.internal.invokers.TestInvoker.invokeTestMethods(TestInvoker.java:200)
at org.testng.internal.invokers.TestMethodWorker.invokeTestMethods(TestMethodWorker.java:148)
at org.testng.internal.invokers.TestMethodWorker.run(TestMethodWorker.java:128)
at java.base/java.util.ArrayList.forEach(ArrayList.java:1511)
at org.testng.TestRunner.privateRun(TestRunner.java:848)
at org.testng.TestRunner.run(TestRunner.java:621)
at org.testng.SuiteRunner.runTest(SuiteRunner.java:443)
at org.testng.SuiteRunner.runSequentially(SuiteRunner.java:437)
at org.testng.SuiteRunner.privateRun(SuiteRunner.java:397)
at org.testng.SuiteRunner.run(SuiteRunner.java:336)
at org.testng.SuiteRunnerWorker.runSuite(SuiteRunnerWorker.java:52)
at org.testng.SuiteRunnerWorker.run(SuiteRunnerWorker.java:95)
at org.testng.TestNG.runSuitesSequentially(TestNG.java:1280)
at org.testng.TestNG.runSuitesLocally(TestNG.java:1200)
at org.testng.TestNG.runSuites(TestNG.java:1114)
at org.testng.TestNG.run(TestNG.java:1082)
at org.testng.remote.AbstractRemoteTestNG.run(AbstractRemoteTestNG.java:115)
at org.testng.remote.RemoteTestNG.initAndRun(RemoteTestNG.java:251)
at org.testng.remote.RemoteTestNG.main(RemoteTestNG.java:77)
]]>
            </full-stacktrace>
          </exception> <!-- java.lang.AssertionError -->
          <reporter-output>
          </reporter-output>
        </test-method> <!-- checkorderID -->
        <test-method is-config="true" signature="logoutAPP(org.testng.ITestResult)[pri:0, instance:Module1_Test.Adactin_Test_Class@58cbafc2]" started-at="2023-09-24T12:24:15 IST" name="logoutAPP" finished-at="2023-09-24T12:24:16 IST" duration-ms="1155" status="PASS">
          <params>
            <param index="0">
              <value>
                <![CDATA[[TestResult name=checkorderID status=FAILURE method=Adactin_Test_Class.checkorderID()[pri:3, instance:Module1_Test.Adactin_Test_Class@58cbafc2] output={null}]]]>
              </value>
            </param>
          </params>
          <reporter-output>
          </reporter-output>
        </test-method> <!-- logoutAPP -->
        <test-method is-config="true" signature="logintoAPP()[pri:0, instance:Module1_Test.Adactin_Test_Class@58cbafc2]" started-at="2023-09-24T12:24:16 IST" name="logintoAPP" finished-at="2023-09-24T12:24:17 IST" duration-ms="1105" status="PASS">
          <reporter-output>
          </reporter-output>
        </test-method> <!-- logintoAPP -->
        <test-method signature="verifyText()[pri:4, instance:Module1_Test.Adactin_Test_Class@58cbafc2]" started-at="2023-09-24T12:24:17 IST" name="verifyText" finished-at="2023-09-24T12:24:17 IST" duration-ms="86" status="PASS">
          <reporter-output>
          </reporter-output>
        </test-method> <!-- verifyText -->
        <test-method is-config="true" signature="logoutAPP(org.testng.ITestResult)[pri:0, instance:Module1_Test.Adactin_Test_Class@58cbafc2]" started-at="2023-09-24T12:24:17 IST" name="logoutAPP" finished-at="2023-09-24T12:24:18 IST" duration-ms="846" status="PASS">
          <params>
            <param index="0">
              <value>
                <![CDATA[[TestResult name=verifyText status=SUCCESS method=Adactin_Test_Class.verifyText()[pri:4, instance:Module1_Test.Adactin_Test_Class@58cbafc2] output={null}]]]>
              </value>
            </param>
          </params>
          <reporter-output>
          </reporter-output>
        </test-method> <!-- logoutAPP -->
        <test-method is-config="true" signature="closeBROWSER()[pri:0, instance:Module1_Test.Adactin_Test_Class@58cbafc2]" started-at="2023-09-24T12:24:18 IST" name="closeBROWSER" finished-at="2023-09-24T12:24:18 IST" duration-ms="269" status="PASS">
          <reporter-output>
          </reporter-output>
        </test-method> <!-- closeBROWSER -->
      </class> <!-- Module1_Test.Adactin_Test_Class -->
    </test> <!-- Default test -->
  </suite> <!-- Default suite -->
</testng-results>
